<?xml version="1.0" encoding="UTF-8"?>
<testsuite xmlns:xsi="http://www.w3.org/2001/XMLSchema-instance" xsi:noNamespaceSchemaLocation="https://maven.apache.org/surefire/maven-surefire-plugin/xsd/surefire-test-report.xsd" version="3.0.2" name="University.exam.ExamApplicationTests" time="0.728" tests="1" errors="0" skipped="0" failures="0" flakes="0">
  <properties>
[...]
</properties>
  <testcase name="printPdfText" classname="University.exam.ExamApplicationTests" time="0.694">
    <system-out><![CDATA[--- PDF TEXT CONTENT ---
Attempting to parse file: 9c37b7fd-a3ee-4236-99de-da4565686c0c.pdf
Extracted PDF Text Length: 3296
Parsed Questions Count: 2
2 questions parsed
LOK JAGRUTI KENDRA UNIVERSITY
Integrated BCA – Semester 3 | Practice Examination
Subject Code: 150120305 Date: ___________
Subject Name: Discrete Mathematics for Computer Science Total Marks: 50
Duration: 02:30 Hours Seat No: ___________
Instructions:
1. Attempt all the questions.
2. Figures on the right indicate the marks.
3. Draw figures as and where necessary.
4. Write neatly and show all steps clearly.
Q - 1 Answer the Following Questions.
1.
. Define: Simple Graph and Multigraph. Give one example of each. [1]
2.
. Define: Complete Graph. How many edges does K
5
 have? [1]
3.
. Define: Hamiltonian Path. How is it different from an Eulerian Path? [1]
4.
.
For the graph below, identify all cut vertices and bridge edges:
Vertices: {A, B, C, D, E, F}
Edges: {AB, BC, CD, DE, EF, FA, BD}
(Draw the graph and mark cut vertices and bridges.) [3]
5.
.
Find the degree sequence of the following graph and verify the Handshaking
Lemma:
Vertices: {1, 2, 3, 4, 5} — Edges: {12, 13, 14, 23, 34, 45} [4]
OR
5.
.
Construct the Adjacency Matrix and Incidence Matrix for the graph with
vertices {P, Q, R, S} and edges {PQ, QR, RS, SP, PR}. [4]
Q - 2 Answer the Following Questions.
1.
. Define: Binary Tree. State its properties. [1]
2.
. Define: Spanning Tree. Does every connected graph have a spanning tree? [1]
3.
. If a tree has 18 edges, how many vertices does it have? Show working. [1]
4.
.
Convert the following general tree into a Binary Tree using left-child
right-sibling representation:
Root: A; Children of A: B, C, D; Children of B: E, F; Children of C: G; Children
of D: H, I [3]
5.
.
Draw a full 4-ary tree with exactly 3 levels (level 0, 1, 2). State the total
number of nodes. [4]
OR
5.
.
Find all three traversals (Preorder, Inorder, Postorder) for the following
binary tree:
Root = 10; Left subtree: 5 (Left=2, Right=7); Right subtree: 15 (Left=12,
Right=20) [4]
Q - 3 Answer the Following Questions. (Limits)
1.
. Evaluate: lim
x→2
 [ (x2 − 4) / (x − 2) ] [1]
2.
. Evaluate: lim
x→0
 [ (x3 + 3x2) / x2 ] [1]
3.
. Evaluate: lim
x→−1
 [ (x2 − 1) / (x + 1) ] [3]
4.
. Evaluate: lim
x→3
 [ (x2 + 2x) / (x2 + 5x − 24) ] [4]
5.
.
Evaluate: lim
x→2
 [ (x4 − 16) / (x3 − 8) ]
Hint: Factor both numerator and denominator. [4]
OR
5.
. Evaluate: lim
x→∞ [ (3x2 + 5x − 2) / (6x2 − x + 1) ] [4]
Q - 4 Answer the Following Questions. (Differentiation)
1.
. Differentiate: f(x) = 7x6 − 3x4 + (1/2)x2 − 9 [1]
2.
. Differentiate: g(x) = (2/5)x5 + 8x−1 − 3x2
[1]
3.
. Differentiate: h(x) = 5x3/2 − 4x−1 + 6x [3]
4.
. Differentiate: q(x) = x5/3 − 8x2/3 + 3x1/3
[4]
5.
.
Differentiate: v(x) = (x8 − 2x5 + 6x) / x3
(Simplify first, then differentiate.) [4]
OR
5.
.
Differentiate: k(x) = x(x2 − 7x + 8)
(Expand and differentiate term by term.) [4]
Q - 5 Answer the Following Questions. (Integration)
1.
. Evaluate: ∫ (8r7 + 3r4 − 5r + 12) dr [1]
2.
. Evaluate: ∫ (5w4 − 7w3 + 3w2 + π) dw [1]
3.
. Evaluate: ∫ (x−3 + x−4 + 5x − 3) dx [3]
4.
. Evaluate: ∫ ( 2/x5 + 7/x3 − 4 ) dx [4]
5.
.
Evaluate: ∫ (u6 − 3u3 + 4u) / u2 du
(Simplify first, then integrate.) [4]
OR
5.
.
Evaluate: ∫ (z + 3)(z − 2) dz
(Expand the product first, then integrate.) [4]
— All the best! —
3 | Page

------------------------
]]></system-out>
  </testcase>
</testsuite>